<?xml version="1.0" encoding="UTF-8"?>
<!-- Generated by org.testng.reporters.JUnitReportReporter -->
<testsuite hostname="DESKTOP-64BMON5" failures="0" tests="1" name="TestApp.LoginTest" time="42.396" errors="0" timestamp="2022-06-22T21:36:40 IST" skipped="0">
  <testcase classname="TestApp.LoginTest" name="adminlogintest" time="42.396"/>
  <system-out/>
</testsuite> <!-- TestApp.LoginTest -->
