<?xml version="1.0" encoding="UTF-8"?>
<!-- Generated by org.testng.reporters.JUnitReportReporter -->
<testsuite hostname="DESKTOP-64BMON5" failures="0" tests="1" name="Logintest" time="30.534" errors="0" timestamp="2022-06-15T19:15:35 IST" skipped="0">
  <testcase classname="Logintest" name="adminloginpage" time="30.534"/>
  <system-out/>
</testsuite> <!-- Logintest -->
