<?xml version="1.0" encoding="UTF-8"?>
<!-- Generated by org.testng.reporters.JUnitReportReporter -->
<testsuite hostname="DESKTOP-64BMON5" failures="0" tests="1" name="AppBaseTest" time="46.837" errors="0" timestamp="2022-06-14T21:22:59 IST" skipped="0">
  <testcase classname="AppBaseTest" name="base" time="46.837"/>
  <system-out/>
</testsuite> <!-- AppBaseTest -->
