<?xml version="1.0" encoding="UTF-8"?>
<!-- Generated by org.testng.reporters.JUnitReportReporter -->
<testsuite hostname="DESKTOP-64BMON5" failures="0" tests="1" name="TestApp.FrontOfficeTest" time="39.883" errors="0" timestamp="2022-06-22T21:36:40 IST" skipped="0">
  <testcase classname="TestApp.FrontOfficeTest" name="frontofficetest" time="39.883"/>
  <system-out/>
</testsuite> <!-- TestApp.FrontOfficeTest -->
